[2026-07-07 08:01:14] local.ERROR: Unable to prepare route [create] for serialization. Another route has already been assigned name [peminjaman-manual.create]. {"exception":"[object] (LogicException(code: 0): Unable to prepare route [create] for serialization. Another route has already been assigned name [peminjaman-manual.create]. at D:/PerpusN5_Lrv10/vendor/laravel/framework/src/Illuminate/Routing/AbstractRouteCollection.php:247)
[stacktrace]
#0 D:/PerpusN5_Lrv10/vendor/laravel/framework/src/Illuminate/Routing/AbstractRouteCollection.php(208): Illuminate/Routing/AbstractRouteCollection->addToSymfonyRoutesCollection(Object(Symfony/Component/Routing/RouteCollection), Object(Illuminate/Routing/Route))
#1 D:/PerpusN5_Lrv10/vendor/laravel/framework/src/Illuminate/Routing/RouteCollection.php(246): Illuminate/Routing/AbstractRouteCollection->toSymfonyRouteCollection()
#2 D:/PerpusN5_Lrv10/vendor/laravel/framework/src/Illuminate/Routing/AbstractRouteCollection.php(192): Illuminate/Routing/RouteCollection->toSymfonyRouteCollection()
#3 D:/PerpusN5_Lrv10/vendor/laravel/framework/src/Illuminate/Routing/AbstractRouteCollection.php(163): Illuminate/Routing/AbstractRouteCollection->dumper()
#4 D:/PerpusN5_Lrv10/vendor/laravel/framework/src/Illuminate/Foundation/Console/RouteCacheCommand.php(109): Illuminate/Routing/AbstractRouteCollection->compile()
#5 D:/PerpusN5_Lrv10/vendor/laravel/framework/src/Illuminate/Foundation/Console/RouteCacheCommand.php(68): Illuminate/Foundation/Console/RouteCacheCommand->buildRouteCacheFile(Object(Illuminate/Routing/RouteCollection))
#6 D:/PerpusN5_Lrv10/vendor/laravel/framework/src/Illuminate/Container/BoundMethod.php(36): Illuminate/Foundation/Console/RouteCacheCommand->handle()
#7 D:/PerpusN5_Lrv10/vendor/laravel/framework/src/Illuminate/Container/Util.php(41): Illuminate/Container/BoundMethod::Illuminate/Container/{closure}()
#8 D:/PerpusN5_Lrv10/vendor/laravel/framework/src/Illuminate/Container/BoundMethod.php(93): Illuminate/Container/Util::unwrapIfClosure(Object(Closure))
#9 D:/PerpusN5_Lrv10/vendor/laravel/framework/src/Illuminate/Container/BoundMethod.php(37): Illuminate/Container/BoundMethod::callBoundMethod(Object(Illuminate/Foundation/Application), Array, Object(Closure))
#10 D:/PerpusN5_Lrv10/vendor/laravel/framework/src/Illuminate/Container/Container.php(662): Illuminate/Container/BoundMethod::call(Object(Illuminate/Foundation/Application), Array, Array, NULL)
#11 D:/PerpusN5_Lrv10/vendor/laravel/framework/src/Illuminate/Console/Command.php(211): Illuminate/Container/Container->call(Array)
#12 D:/PerpusN5_Lrv10/vendor/symfony/console/Command/Command.php(326): Illuminate/Console/Command->execute(Object(Symfony/Component/Console/Input/ArrayInput), Object(Illuminate/Console/OutputStyle))
#13 D:/PerpusN5_Lrv10/vendor/laravel/framework/src/Illuminate/Console/Command.php(181): Symfony/Component/Console/Command/Command->run(Object(Symfony/Component/Console/Input/ArrayInput), Object(Illuminate/Console/OutputStyle))
#14 D:/PerpusN5_Lrv10/vendor/laravel/framework/src/Illuminate/Console/Concerns/CallsCommands.php(68): Illuminate/Console/Command->run(Object(Symfony/Component/Console/Input/ArrayInput), Object(Symfony/Component/Console/Output/NullOutput))
#15 D:/PerpusN5_Lrv10/vendor/laravel/framework/src/Illuminate/Console/Concerns/CallsCommands.php(40): Illuminate/Console/Command->runCommand('route:cache', Array, Object(Symfony/Component/Console/Output/NullOutput))
#16 D:/PerpusN5_Lrv10/vendor/laravel/framework/src/Illuminate/Foundation/Console/OptimizeCommand.php(36): Illuminate/Console/Command->callSilent('route:cache')
#17 D:/PerpusN5_Lrv10/vendor/laravel/framework/src/Illuminate/Console/View/Components/Task.php(37): Illuminate/Foundation/Console/OptimizeCommand->Illuminate/Foundation/Console/{closure}()
#18 D:/PerpusN5_Lrv10/vendor/laravel/framework/src/Illuminate/Console/View/Components/Factory.php(58): Illuminate/Console/View/Components/Task->render('routes', Object(Closure))
#19 D:/PerpusN5_Lrv10/vendor/laravel/framework/src/Illuminate/Foundation/Console/OptimizeCommand.php(37): Illuminate/Console/View/Components/Factory->__call('task', Array)
#20 D:/PerpusN5_Lrv10/vendor/laravel/framework/src/Illuminate/Collections/Traits/EnumeratesValues.php(240): Illuminate/Foundation/Console/OptimizeCommand->Illuminate/Foundation/Console/{closure}(Object(Closure), 'routes')
#21 D:/PerpusN5_Lrv10/vendor/laravel/framework/src/Illuminate/Foundation/Console/OptimizeCommand.php(37): Illuminate/Support/Collection->each(Object(Closure))
#22 D:/PerpusN5_Lrv10/vendor/laravel/framework/src/Illuminate/Container/BoundMethod.php(36): Illuminate/Foundation/Console/OptimizeCommand->handle()
#23 D:/PerpusN5_Lrv10/vendor/laravel/framework/src/Illuminate/Container/Util.php(41): Illuminate/Container/BoundMethod::Illuminate/Container/{closure}()
#24 D:/PerpusN5_Lrv10/vendor/laravel/framework/src/Illuminate/Container/BoundMethod.php(93): Illuminate/Container/Util::unwrapIfClosure(Object(Closure))
#25 D:/PerpusN5_Lrv10/vendor/laravel/framework/src/Illuminate/Container/BoundMethod.php(37): Illuminate/Container/BoundMethod::callBoundMethod(Object(Illuminate/Foundation/Application), Array, Object(Closure))
#26 D:/PerpusN5_Lrv10/vendor/laravel/framework/src/Illuminate/Container/Container.php(662): Illuminate/Container/BoundMethod::call(Object(Illuminate/Foundation/Application), Array, Array, NULL)
#27 D:/PerpusN5_Lrv10/vendor/laravel/framework/src/Illuminate/Console/Command.php(211): Illuminate/Container/Container->call(Array)
#28 D:/PerpusN5_Lrv10/vendor/symfony/console/Command/Command.php(326): Illuminate/Console/Command->execute(Object(Symfony/Component/Console/Input/ArgvInput), Object(Illuminate/Console/OutputStyle))
#29 D:/PerpusN5_Lrv10/vendor/laravel/framework/src/Illuminate/Console/Command.php(181): Symfony/Component/Console/Command/Command->run(Object(Symfony/Component/Console/Input/ArgvInput), Object(Illuminate/Console/OutputStyle))
#30 D:/PerpusN5_Lrv10/vendor/symfony/console/Application.php(1121): Illuminate/Console/Command->run(Object(Symfony/Component/Console/Input/ArgvInput), Object(Symfony/Component/Console/Output/ConsoleOutput))
#31 D:/PerpusN5_Lrv10/vendor/symfony/console/Application.php(324): Symfony/Component/Console/Application->doRunCommand(Object(Illuminate/Foundation/Console/OptimizeCommand), Object(Symfony/Component/Console/Input/ArgvInput), Object(Symfony/Component/Console/Output/ConsoleOutput))
#32 D:/PerpusN5_Lrv10/vendor/symfony/console/Application.php(175): Symfony/Component/Console/Application->doRun(Object(Symfony/Component/Console/Input/ArgvInput), Object(Symfony/Component/Console/Output/ConsoleOutput))
#33 D:/PerpusN5_Lrv10/vendor/laravel/framework/src/Illuminate/Foundation/Console/Kernel.php(201): Symfony/Component/Console/Application->run(Object(Symfony/Component/Console/Input/ArgvInput), Object(Symfony/Component/Console/Output/ConsoleOutput))
#34 D:/PerpusN5_Lrv10/artisan(37): Illuminate/Foundation/Console/Kernel->handle(Object(Symfony/Component/Console/Input/ArgvInput), Object(Symfony/Component/Console/Output/ConsoleOutput))
#35 {main}
"} 
